<?xml version="1.0" encoding="UTF-8"?>
<!-- Generated by org.testng.reporters.JUnitReportReporter -->
<testsuite hostname="LTIN513868" failures="0" tests="10" name="policyBazaar.test.TravelInsuranceTest" time="40.832" errors="0" timestamp="2024-02-22T22:05:10 IST" skipped="0">
  <testcase classname="policyBazaar.test.TravelInsuranceTest" name="testTravelInsurance" time="0.766"/>
  <system-out/>
  <testcase classname="policyBazaar.test.TravelInsuranceTest" name="SelectDestination" time="7.742"/>
  <system-out/>
  <testcase classname="policyBazaar.test.TravelInsuranceTest" name="SelectDate" time="4.508"/>
  <system-out/>
  <testcase classname="policyBazaar.test.TravelInsuranceTest" name="ViewPlan" time="3.774"/>
  <system-out/>
  <testcase classname="policyBazaar.test.TravelInsuranceTest" name="SelectingStudentTrip" time="9.900"/>
  <system-out/>
  <testcase classname="policyBazaar.test.TravelInsuranceTest" name="InsuranceData" time="3.738"/>
  <system-out/>
  <testcase classname="policyBazaar.test.TravelInsuranceTest" name="SwitchChild" time="0.268"/>
  <system-out/>
  <testcase classname="policyBazaar.test.TravelInsuranceTest" name="CarInsurance" time="7.450"/>
  <system-out/>
  <testcase classname="policyBazaar.test.TravelInsuranceTest" name="fillingForm" time="1.783"/>
  <system-out/>
  <testcase classname="policyBazaar.test.TravelInsuranceTest" name="HealthInsurance" time="0.903"/>
  <system-out/>
</testsuite> <!-- policyBazaar.test.TravelInsuranceTest -->
